<?xml version="1.0" encoding="UTF-8"?>
<!-- Generated by org.testng.reporters.JUnitReportReporter -->
<testsuite hostname="LAPTOP-4S7TU50V" failures="0" tests="4" name="attributes.OrangeHRMTest1" time="15.938" errors="0" timestamp="2023-03-11T13:50:00 EST" skipped="0">
  <testcase classname="attributes.OrangeHRMTest1" name="testLoginWithInvalidCredentials" time="3.926"/>
  <system-out/>
  <testcase classname="attributes.OrangeHRMTest1" name="testLandOnLoginPage" time="2.888"/>
  <system-out/>
  <testcase classname="attributes.OrangeHRMTest1" name="testLoginWithValidCredentials" time="4.252"/>
  <system-out/>
  <testcase classname="attributes.OrangeHRMTest1" name="testLoginWithValidCredentials" time="4.872"/>
  <system-out/>
</testsuite> <!-- attributes.OrangeHRMTest1 -->
