<?xml version="1.0" encoding="UTF-8"?>
<!-- Generated by org.testng.reporters.JUnitReportReporter -->
<testsuite hostname="LAPTOP-4S7TU50V" failures="0" tests="2" name="testng_demo.ExampleTest2" time="0.006" errors="0" timestamp="2023-03-07T21:16:40 EST" skipped="0">
  <testcase classname="testng_demo.ExampleTest2" name="testD" time="0.003"/>
  <system-out/>
  <testcase classname="testng_demo.ExampleTest2" name="testF" time="0.003"/>
  <system-out/>
</testsuite> <!-- testng_demo.ExampleTest2 -->
