<?xml version="1.0" encoding="UTF-8"?>
<!-- Generated by org.testng.reporters.JUnitReportReporter -->
<testsuite hostname="LAPTOP-4S7TU50V" failures="0" tests="3" name="annotations.AnnotationsDemo2" time="0.004" errors="0" timestamp="2023-03-09T21:03:58 EST" skipped="0">
  <testcase classname="annotations.AnnotationsDemo2" name="testMethodF" time="0.001"/>
  <system-out/>
  <testcase classname="annotations.AnnotationsDemo2" name="testMethodD" time="0.002"/>
  <system-out/>
  <testcase classname="annotations.AnnotationsDemo2" name="testMethodE" time="0.001"/>
  <system-out/>
</testsuite> <!-- annotations.AnnotationsDemo2 -->
