<?xml version="1.0" encoding="UTF-8"?>
<!-- Generated by org.testng.reporters.JUnitReportReporter -->
<testsuite hostname="LAPTOP-4S7TU50V" failures="0" tests="1" name="testng_demo.ExampleTest" time="0.008" errors="0" timestamp="2023-03-07T20:29:01 EST" skipped="0">
  <testcase classname="testng_demo.ExampleTest" name="test1" time="0.008"/>
  <system-out/>
</testsuite> <!-- testng_demo.ExampleTest -->
