<?xml version="1.0" encoding="UTF-8"?>
<!-- Generated by org.testng.reporters.JUnitReportReporter -->
<testsuite hostname="LAPTOP-4S7TU50V" failures="0" tests="3" name="annotations.AnnotationsDemo1" time="5.025" errors="0" timestamp="2023-03-10T13:51:39 EST" skipped="0">
  <testcase classname="annotations.AnnotationsDemo1" name="testMethodA" time="5.024"/>
  <system-out/>
  <testcase classname="annotations.AnnotationsDemo1" name="testMethodB" time="0.001"/>
  <system-out/>
  <testcase classname="annotations.AnnotationsDemo1" name="testMethodC" time="0.000"/>
  <system-out/>
</testsuite> <!-- annotations.AnnotationsDemo1 -->
