<?xml version="1.0" encoding="UTF-8"?>
<!-- Generated by org.testng.reporters.JUnitReportReporter -->
<testsuite hostname="LAPTOP-4S7TU50V" failures="0" tests="3" name="testng_demo.ExampleTest1" time="0.008" errors="0" timestamp="2023-03-09T19:38:55 EST" skipped="0">
  <testcase classname="testng_demo.ExampleTest1" name="testA" time="0.006"/>
  <system-out/>
  <testcase classname="testng_demo.ExampleTest1" name="testC" time="0.001"/>
  <system-out/>
  <testcase classname="testng_demo.ExampleTest1" name="testB" time="0.001"/>
  <system-out/>
</testsuite> <!-- testng_demo.ExampleTest1 -->
