<?xml version="1.0" encoding="UTF-8"?>
<!-- Generated by org.testng.reporters.JUnitReportReporter -->
<testsuite hostname="LAPTOP-4S7TU50V" failures="0" tests="1" name="testng_demo.ExampleTest1" time="0.007" errors="0" timestamp="2023-03-07T21:18:09 EST" skipped="0">
  <testcase classname="testng_demo.ExampleTest1" name="testA" time="0.007"/>
  <system-out/>
</testsuite> <!-- testng_demo.ExampleTest1 -->
