<?xml version="1.0" encoding="UTF-8"?>
<!-- Generated by org.testng.reporters.JUnitReportReporter -->
<testsuite hostname="LAPTOP-4S7TU50V" failures="0" tests="1" name="testng_demo.LumaTest" time="2.540" errors="0" timestamp="2023-03-07T19:29:20 EST" skipped="0">
  <testcase classname="testng_demo.LumaTest" name="testPageTitle" time="2.540"/>
  <system-out/>
</testsuite> <!-- testng_demo.LumaTest -->
